gns_velocity_linz.f: In subroutine `convert_lat_long':
gns_velocity_linz.f:26: warning:
           common/work/nlong,nlat,ival,idel,rlong,dxlong,dylong,rlat,dxlat,dylat,
                  1
gns_velocity_linz.f:816: (continued):
           common/work/nlong,nlat,ival,idel,rlong,dxlong,dylong,rlat,dxlat,dylat,
                  2
Common block `work' is 11281568 bytes in length at (1) but 2481656 bytes at (2)
gns_velocity_linz.f:26: warning:
           common/work/nlong,nlat,ival,idel,rlong,dxlong,dylong,rlat,dxlat,dylat,
                  1
gns_velocity_linz.f:816: (continued):
           common/work/nlong,nlat,ival,idel,rlong,dxlong,dylong,rlat,dxlat,dylat,
                  2
Common block `work' is 11281568 bytes in length at (1) but 2481656 bytes at (2)
gns_velocity_linz.f:26: warning:
           common/work/nlong,nlat,ival,idel,rlong,dxlong,dylong,rlat,dxlat,dylat,
                  1
gns_velocity_linz.f:816: (continued):
           common/work/nlong,nlat,ival,idel,rlong,dxlong,dylong,rlat,dxlat,dylat,
                  2
Common block `work' is 11281568 bytes in length at (1) but 2481656 bytes at (2)
gns_velocity_linz.f:26: warning:
           common/work/nlong,nlat,ival,idel,rlong,dxlong,dylong,rlat,dxlat,dylat,
                  1
gns_velocity_linz.f:816: (continued):
           common/work/nlong,nlat,ival,idel,rlong,dxlong,dylong,rlat,dxlat,dylat,
                  2
Common block `work' is 11281568 bytes in length at (1) but 2481656 bytes at (2)
gns_velocity_linz.f:26: warning:
           common/work/nlong,nlat,ival,idel,rlong,dxlong,dylong,rlat,dxlat,dylat,
                  1
gns_velocity_linz.f:816: (continued):
           common/work/nlong,nlat,ival,idel,rlong,dxlong,dylong,rlat,dxlat,dylat,
                  2
Common block `work' is 11281568 bytes in length at (1) but 2481656 bytes at (2)
gns_velocity_linz.f:26: warning:
           common/work/nlong,nlat,ival,idel,rlong,dxlong,dylong,rlat,dxlat,dylat,
                  1
gns_velocity_linz.f:816: (continued):
           common/work/nlong,nlat,ival,idel,rlong,dxlong,dylong,rlat,dxlat,dylat,
                  2
Common block `work' is 11281568 bytes in length at (1) but 2481656 bytes at (2)
gns_velocity_linz.f:26: warning:
           common/work/nlong,nlat,ival,idel,rlong,dxlong,dylong,rlat,dxlat,dylat,
                  1
gns_velocity_linz.f:816: (continued):
           common/work/nlong,nlat,ival,idel,rlong,dxlong,dylong,rlat,dxlat,dylat,
                  2
Common block `work' is 11281568 bytes in length at (1) but 2481656 bytes at (2)
gns_velocity_linz.f:26: warning:
           common/work/nlong,nlat,ival,idel,rlong,dxlong,dylong,rlat,dxlat,dylat,
                  1
gns_velocity_linz.f:816: (continued):
           common/work/nlong,nlat,ival,idel,rlong,dxlong,dylong,rlat,dxlat,dylat,
                  2
Common block `work' is 11281568 bytes in length at (1) but 2481656 bytes at (2)
gns_velocity_linz.f:26: warning:
           common/work/nlong,nlat,ival,idel,rlong,dxlong,dylong,rlat,dxlat,dylat,
                  1
gns_velocity_linz.f:816: (continued):
           common/work/nlong,nlat,ival,idel,rlong,dxlong,dylong,rlat,dxlat,dylat,
                  2
Common block `work' is 11281568 bytes in length at (1) but 2481656 bytes at (2)
gns_velocity_linz.f:26: warning:
           common/work/nlong,nlat,ival,idel,rlong,dxlong,dylong,rlat,dxlat,dylat,
                  1
gns_velocity_linz.f:816: (continued):
           common/work/nlong,nlat,ival,idel,rlong,dxlong,dylong,rlat,dxlat,dylat,
                  2
Common block `work' is 11281568 bytes in length at (1) but 2481656 bytes at (2)
gns_velocity_linz.f:26: warning:
           common/work/nlong,nlat,ival,idel,rlong,dxlong,dylong,rlat,dxlat,dylat,
                  1
gns_velocity_linz.f:816: (continued):
           common/work/nlong,nlat,ival,idel,rlong,dxlong,dylong,rlat,dxlat,dylat,
                  2
Common block `work' is 11281568 bytes in length at (1) but 2481656 bytes at (2)
gns_velocity_linz.f:26: warning:
           common/work/nlong,nlat,ival,idel,rlong,dxlong,dylong,rlat,dxlat,dylat,
                  1
gns_velocity_linz.f:816: (continued):
           common/work/nlong,nlat,ival,idel,rlong,dxlong,dylong,rlat,dxlat,dylat,
                  2
Common block `work' is 11281568 bytes in length at (1) but 2481656 bytes at (2)
gns_velocity_linz.f:26: warning:
           common/work/nlong,nlat,ival,idel,rlong,dxlong,dylong,rlat,dxlat,dylat,
                  1
gns_velocity_linz.f:816: (continued):
           common/work/nlong,nlat,ival,idel,rlong,dxlong,dylong,rlat,dxlat,dylat,
                  2
Common block `work' is 11281568 bytes in length at (1) but 2481656 bytes at (2)
gns_velocity_linz.f:26: warning:
           common/work/nlong,nlat,ival,idel,rlong,dxlong,dylong,rlat,dxlat,dylat,
                  1
gns_velocity_linz.f:816: (continued):
           common/work/nlong,nlat,ival,idel,rlong,dxlong,dylong,rlat,dxlat,dylat,
                  2
Common block `work' is 11281568 bytes in length at (1) but 2481656 bytes at (2)
gns_velocity_linz.f:26: warning:
           common/work/nlong,nlat,ival,idel,rlong,dxlong,dylong,rlat,dxlat,dylat,
                  1
gns_velocity_linz.f:816: (continued):
           common/work/nlong,nlat,ival,idel,rlong,dxlong,dylong,rlat,dxlat,dylat,
                  2
Common block `work' is 11281568 bytes in length at (1) but 2481656 bytes at (2)
gns_velocity_linz.f:26: warning:
           common/work/nlong,nlat,ival,idel,rlong,dxlong,dylong,rlat,dxlat,dylat,
                  1
gns_velocity_linz.f:816: (continued):
           common/work/nlong,nlat,ival,idel,rlong,dxlong,dylong,rlat,dxlat,dylat,
                  2
Common block `work' is 11281568 bytes in length at (1) but 2481656 bytes at (2)
gns_velocity_linz.f:26: warning:
           common/work/nlong,nlat,ival,idel,rlong,dxlong,dylong,rlat,dxlat,dylat,
                  1
gns_velocity_linz.f:816: (continued):
           common/work/nlong,nlat,ival,idel,rlong,dxlong,dylong,rlat,dxlat,dylat,
                  2
Common block `work' is 11281568 bytes in length at (1) but 2481656 bytes at (2)
gns_velocity_linz.f:26: warning:
           common/work/nlong,nlat,ival,idel,rlong,dxlong,dylong,rlat,dxlat,dylat,
                  1
gns_velocity_linz.f:816: (continued):
           common/work/nlong,nlat,ival,idel,rlong,dxlong,dylong,rlat,dxlat,dylat,
                  2
Common block `work' is 11281568 bytes in length at (1) but 2481656 bytes at (2)
